   5.0000000e+01
   5.0000000e+01
   5.0000000e+01
   3.9182129e+02
   4.9267578e+02
   5.0000000e+02
   5.0000000e+02
   2.8027344e+02
   7.9687500e+01
   5.0000000e+01
   5.0000000e+01
   5.0000000e+01
   5.0000000e+01
   5.0000000e+01
   5.0000000e+01
   5.0000000e+01
   5.0000000e+01
   5.0000000e+01
   1.5134277e+02
   4.3734131e+02
   5.0000000e+02
   3.9204102e+02
   1.5986328e+02
   5.0000000e+01
   5.0000000e+01
   5.0000000e+01
   5.0000000e+01
   1.9062500e+02
   5.0000000e+02
   5.0000000e+02
   4.4375000e+02
   5.0000000e+01
   5.0000000e+01
   5.0000000e+01
   5.0000000e+01
   5.0000000e+01
   7.1363831e+01
   3.9297485e+02
   4.9954224e+02
   5.0000000e+02
   2.8027344e+02
   7.9687500e+01
   5.0000000e+01
   5.0000000e+01
   5.0000000e+01
   5.0000000e+01
   5.0000000e+01
   5.0000000e+01
   5.0000000e+01
   5.0000000e+01
   5.0000000e+01
   4.2547455e+02
   4.9608383e+02
   5.0000000e+02
   3.9204102e+02
   1.5986328e+02
   5.0000000e+01
   5.0000000e+01
   5.0000000e+01
   5.0000000e+01
   1.9062500e+02
   5.0000000e+02
   5.0000000e+02
   4.4375000e+02
   5.0000000e+01
   5.0000000e+01
   5.0000000e+01
   5.0000000e+01
   5.0000000e+01
   5.0000000e+01
   3.8632813e+02
   4.9951172e+02
   5.0000000e+02
   2.8027344e+02
   7.9687500e+01
   5.0000000e+01
   5.0000000e+01
   5.0000000e+01
   5.0000000e+01
   5.0000000e+01
   5.0000000e+01
   5.0000000e+01
   5.0000000e+01
   5.0000000e+01
   4.4375000e+02
   5.0000000e+02
   5.0000000e+02
   3.9204102e+02
   1.5986328e+02
   5.0000000e+01
   5.0000000e+01
   5.0000000e+01
   5.0000000e+01
   1.9062500e+02
   5.0000000e+02
   5.0000000e+02
   4.4375000e+02
   5.0000000e+01
   5.0000000e+01
   5.0000000e+01
   5.0000000e+01
   5.0000000e+01
   3.4707031e+02
   4.7868652e+02
   4.9990845e+02
   5.0000000e+02
   4.5880127e+02
   2.3837891e+02
   5.0000000e+01
   5.0000000e+01
   5.0000000e+01
   5.0000000e+01
   5.0000000e+01
   5.0000000e+01
   5.0000000e+01
   5.0000000e+01
   5.0000000e+01
   3.3155518e+02
   4.7595825e+02
   5.0000000e+02
   4.3066254e+02
   1.8092957e+02
   5.0000000e+01
   5.0000000e+01
   5.0000000e+01
   5.0000000e+01
   8.0334473e+01
   2.3530273e+02
   5.0000000e+02
   4.8711243e+02
   3.7521820e+02
   5.0000000e+01
   3.8750000e+02
   3.7033386e+02
   3.8521118e+02
   4.7890625e+02
   5.0000000e+02
   5.0000000e+02
   5.0000000e+02
   5.0000000e+02
   4.4375000e+02
   2.3984375e+02
   5.0000000e+01
   5.0000000e+01
   5.0000000e+01
   5.0000000e+01
   5.0000000e+01
   5.0000000e+01
   5.0000000e+01
   5.0000000e+01
   1.7646484e+02
   4.4272461e+02
   5.0000000e+02
   4.8489380e+02
   2.1051025e+02
   5.0000000e+01
   5.0000000e+01
   5.0000000e+01
   5.0000000e+01
   5.1449585e+01
   1.6597900e+02
   5.0000000e+02
   4.9927979e+02
   4.8642273e+02
   3.6918945e+02
   5.0000000e+02
   4.9284744e+02
   4.9904633e+02
   5.0000000e+02
   5.0000000e+02
   4.5568848e+02
   3.1402588e+02
   3.8673706e+02
   5.0000000e+02
   3.2192383e+02
   7.6855469e+01
   5.0000000e+01
   5.0000000e+01
   5.0000000e+01
   5.0000000e+01
   5.0000000e+01
   5.0000000e+01
   5.0000000e+01
   7.6062012e+01
   4.2120972e+02
   5.0000000e+02
   5.0000000e+02
   2.1875000e+02
   5.0000000e+01
   5.0000000e+01
   5.0000000e+01
   5.0000000e+01
   5.0095367e+01
   1.4554138e+02
   4.4414063e+02
   5.0000000e+02
   4.9952316e+02
   4.9237061e+02
   5.0000000e+02
   5.0000000e+02
   5.0000000e+02
   5.0000000e+02
   2.8906250e+02
   1.9458008e+02
   2.6131439e+02
   4.1597672e+02
   5.0000000e+02
   4.2726669e+02
   2.2734528e+02
   5.0000000e+01
   5.0000000e+01
   5.0000000e+01
   5.0000000e+01
   5.0000000e+01
   5.0000000e+01
   5.0000000e+01
   5.0000000e+01
   2.2348442e+02
   4.4087982e+02
   5.0000000e+02
   3.6191559e+02
   1.5021591e+02
   5.0000000e+01
   5.0000000e+01
   5.0000000e+01
   5.0000000e+01
   8.2812500e+01
   1.9894714e+02
   3.0368042e+02
   5.0000000e+02
   5.0000000e+02
   5.0000000e+02
   2.6434326e+02
   2.4709473e+02
   2.4687500e+02
   9.9218750e+01
   5.0000000e+01
   1.7662125e+02
   3.9175987e+02
   5.0000000e+02
   4.9358864e+02
   4.1701279e+02
   2.2402344e+02
   5.0000000e+01
   5.0000000e+01
   5.0000000e+01
   5.0000000e+01
   5.0000000e+01
   5.0000000e+01
   5.0000000e+01
   7.5462532e+01
   3.9533463e+02
   5.0000000e+02
   4.7716904e+02
   2.3089333e+02
   5.0000000e+01
   5.0000000e+01
   5.0000000e+01
   5.0000000e+01
   5.0000000e+01
   5.7466125e+01
   1.4109192e+02
   5.0000000e+02
   5.0000000e+02
   2.7500000e+02
   6.5527344e+01
   5.0195313e+01
   5.0000000e+01
   5.0000000e+01
   5.0000000e+01
   7.2949219e+01
   2.3800049e+02
   4.2783203e+02
   5.0000000e+02
   5.0000000e+02
   4.2968750e+02
   2.1875000e+02
   5.0000000e+01
   5.0000000e+01
   5.0000000e+01
   5.0000000e+01
   5.0000000e+01
   5.0000000e+01
   5.0000000e+01
   2.1875000e+02
   4.2968750e+02
   5.0000000e+02
   3.7343750e+02
   2.2792969e+02
   1.2360840e+02
   5.0000000e+01
   5.0000000e+01
   8.2324219e+01
   1.9724121e+02
   3.0312500e+02
   5.0000000e+02
   5.0000000e+02
   5.0000000e+01
   5.0000000e+01
   5.0000000e+01
   5.0000000e+01
   5.0000000e+01
   5.0000000e+01
   5.0000000e+01
   1.0104523e+02
   2.2193604e+02
   3.8925781e+02
   5.0000000e+02
   5.0000000e+02
   4.1095581e+02
   1.2623138e+02
   5.0000000e+01
   5.0000000e+01
   5.0000000e+01
   5.0000000e+01
   5.0000000e+01
   5.0000000e+01
   5.0000000e+01
   2.2754822e+02
   4.2809448e+02
   5.0000000e+02
   4.4704590e+02
   2.4893494e+02
   5.7690430e+01
   5.0000000e+01
   1.3558350e+02
   4.1252136e+02
   5.0000000e+02
   5.0000000e+02
   5.0000000e+02
   5.0000000e+01
   5.0000000e+01
   5.0000000e+01
   5.0000000e+01
   5.0000000e+01
   5.0000000e+01
   5.0000000e+01
   5.0000000e+01
   5.0000000e+01
   1.9739990e+02
   4.2932129e+02
   5.0000000e+02
   4.6319580e+02
   2.9689026e+02
   5.4101562e+01
   5.0000000e+01
   5.0000000e+01
   5.0000000e+01
   5.0000000e+01
   5.0000000e+01
   5.0000000e+01
   5.5035400e+01
   2.2852783e+02
   4.2617187e+02
   5.0000000e+02
   3.8464355e+02
   2.2973633e+02
   2.1875000e+02
   2.8906250e+02
   5.0000000e+02
   4.9809570e+02
   4.7517090e+02
   3.3125000e+02
   5.0000000e+01
   5.0000000e+01
   5.0000000e+01
   5.0000000e+01
   5.0000000e+01
   5.0000000e+01
   5.0000000e+01
   5.0000000e+01
   5.0000000e+01
   9.4647217e+01
   2.3453522e+02
   4.1200638e+02
   5.0000000e+02
   4.4360352e+02
   1.8056641e+02
   5.0000000e+01
   5.0000000e+01
   5.0000000e+01
   5.0000000e+01
   5.0000000e+01
   5.0000000e+01
   5.0000000e+01
   5.0000000e+01
   2.2402344e+02
   4.2968750e+02
   5.0000000e+02
   5.0000000e+02
   5.0000000e+02
   5.0000000e+02
   5.0000000e+02
   4.7893066e+02
   3.1385498e+02
   5.0000000e+01
   5.0000000e+01
   5.0000000e+01
   5.0000000e+01
   5.0000000e+01
   5.0000000e+01
   5.0000000e+01
   5.0000000e+01
   5.0000000e+01
   5.0000000e+01
   5.0000000e+01
   6.1370850e+01
   2.1147156e+02
   5.0000000e+02
   5.0000000e+02
   4.4375000e+02
   5.0000000e+01
   5.0000000e+01
   5.0000000e+01
   5.0000000e+01
   5.0000000e+01
   5.0000000e+01
   5.0000000e+01
   5.0000000e+01
   5.0000000e+01
   2.1875000e+02
   4.3671875e+02
   5.0000000e+02
   5.0000000e+02
   5.0000000e+02
   5.0000000e+02
   4.4375000e+02
   5.0000000e+01
   5.0000000e+01
   5.0000000e+01
   5.0000000e+01
   5.0000000e+01
   5.0000000e+01
   5.0000000e+01
   5.0000000e+01
   5.0000000e+01
   5.0000000e+01
   5.0000000e+01
   5.0000000e+01
   5.0000000e+01
   1.6425781e+02
   4.2624512e+02
   4.6596069e+02
   4.5429688e+02
   1.2910156e+02
   5.0000000e+01
   5.0000000e+01
   5.0000000e+01
   5.0000000e+01
   5.0000000e+01
   5.0000000e+01
   5.0000000e+01
   5.0000000e+01
   5.0000000e+01
   2.0996094e+02
   4.4726563e+02
   5.0000000e+02
   5.0000000e+02
   5.0000000e+02
   4.4375000e+02
   5.0000000e+01
   5.0000000e+01
   5.0000000e+01
   5.0000000e+01
   5.0000000e+01
   5.0000000e+01
   5.0000000e+01
   5.0000000e+01
   5.0000000e+01
   5.0000000e+01
   5.0000000e+01
   5.0000000e+01
   5.0000000e+01
   5.0000000e+01
   1.0664063e+02
   3.1845703e+02
   5.0000000e+02
   4.7187500e+02
   5.0000000e+01
   5.0000000e+01
   5.0000000e+01
   5.0000000e+01
   5.0000000e+01
   5.0000000e+01
   5.0000000e+01
   5.0000000e+01
   5.0000000e+01
   5.0000000e+01
   2.1875000e+02
   5.0000000e+02
   5.0000000e+02
   5.0000000e+02
   4.4375000e+02
   5.0000000e+01
   5.0000000e+01
   5.0000000e+01
   5.0000000e+01
   5.0000000e+01
   5.0000000e+01
   5.0000000e+01
   5.0000000e+01
   5.0000000e+01
   5.0000000e+01
   5.0000000e+01
   5.0000000e+01
   5.0000000e+01
   5.0000000e+01
   1.1013184e+02
   3.2980347e+02
   5.0000000e+02
   4.7187500e+02
   5.0000000e+01
   5.0000000e+01
   5.0000000e+01
   5.0000000e+01
   5.0000000e+01
   5.0000000e+01
   5.0000000e+01
   5.0000000e+01
   5.0000000e+01
   5.0000000e+01
   2.1875000e+02
   5.0000000e+02
   5.0000000e+02
   5.0000000e+02
   4.4375000e+02
   5.0000000e+01
   5.0000000e+01
   5.0000000e+01
   5.0000000e+01
   5.0000000e+01
   5.0000000e+01
   5.0000000e+01
   5.0000000e+01
   5.0000000e+01
   5.0000000e+01
   5.0000000e+01
   5.0000000e+01
   5.0000000e+01
   5.0000000e+01
   1.6250000e+02
   5.0000000e+02
   5.0000000e+02
   4.7187500e+02
   5.0000000e+01
   5.0000000e+01
   5.0000000e+01
   5.0000000e+01
   5.0000000e+01
   5.0000000e+01
   5.0000000e+01
   5.0000000e+01
   5.0000000e+01
   5.0000000e+01
   2.1875000e+02
   5.0000000e+02
   5.0000000e+02
   5.0000000e+02
   4.4375000e+02
   5.0000000e+01
   5.0000000e+01
   5.0000000e+01
   5.0000000e+01
   5.0000000e+01
   5.0000000e+01
   5.0000000e+01
   5.0000000e+01
   5.0000000e+01
   5.0000000e+01
   5.0000000e+01
   5.0000000e+01
   5.0000000e+01
   5.0000000e+01
   1.6250000e+02
   5.0000000e+02
   5.0000000e+02
   4.8029785e+02
   1.8476563e+02
   5.8422852e+01
   5.0000000e+01
   5.0000000e+01
   5.0000000e+01
   5.0000000e+01
   5.0000000e+01
   5.0000000e+01
   5.0000000e+01
   5.0000000e+01
   2.1875000e+02
   5.0000000e+02
   5.0000000e+02
   5.0000000e+02
   4.4375000e+02
   5.0000000e+01
   5.0000000e+01
   5.0000000e+01
   5.0000000e+01
   5.0000000e+01
   5.0000000e+01
   5.0000000e+01
   5.0000000e+01
   5.0000000e+01
   5.0000000e+01
   5.0000000e+01
   5.0000000e+01
   5.0000000e+01
   5.0000000e+01
   1.6250000e+02
   5.0000000e+02
   5.0000000e+02
   4.8085938e+02
   1.9375000e+02
   5.8984375e+01
   5.0000000e+01
   5.0000000e+01
   5.0000000e+01
   5.0000000e+01
   5.0000000e+01
   5.0000000e+01
   5.0000000e+01
   5.0000000e+01
   2.1875000e+02
   5.0000000e+02
   5.0000000e+02
   5.0000000e+02
   4.9264832e+02
   4.1673737e+02
   5.0000000e+01
   5.0000000e+01
   5.0000000e+01
   5.0000000e+01
   5.0000000e+01
   5.0000000e+01
   5.0000000e+01
   5.0000000e+01
   5.0000000e+01
   5.0000000e+01
   5.0000000e+01
   5.0000000e+01
   1.6425781e+02
   4.3671875e+02
   5.0000000e+02
   5.0000000e+02
   4.9641113e+02
   4.4257813e+02
   7.8106689e+01
   5.0476074e+01
   5.0000000e+01
   5.0000000e+01
   5.0000000e+01
   5.0000000e+01
   5.0000000e+01
   5.0000000e+01
   5.0000000e+01
   2.1875000e+02
   5.0000000e+02
   5.0000000e+02
   5.0000000e+02
   4.9993134e+02
   4.7147903e+02
   5.1904297e+01
   5.0000000e+01
   5.0000000e+01
   5.0000000e+01
   5.0000000e+01
   5.0000000e+01
   5.0000000e+01
   5.0000000e+01
   5.0000000e+01
   5.0000000e+01
   5.0000000e+01
   5.0000000e+01
   1.0895996e+02
   2.7119141e+02
   3.9335937e+02
   5.0000000e+02
   5.0000000e+02
   5.0000000e+02
   3.9562988e+02
   9.2333984e+01
   5.0000000e+01
   5.0000000e+01
   5.0000000e+01
   5.0000000e+01
   5.0000000e+01
   5.0000000e+01
   5.0000000e+01
   1.2075195e+02
   3.2033691e+02
   5.0000000e+02
   5.0000000e+02
   5.0000000e+02
   4.9300537e+02
   3.8808594e+02
   5.0000000e+01
   5.0000000e+01
   5.0000000e+01
   6.5601349e+01
   5.4800415e+01
   5.0000000e+01
   5.0000000e+01
   5.0000000e+01
   5.0000000e+01
   5.0000000e+01
   5.0000000e+01
   5.9918213e+01
   9.5288086e+01
   1.4619141e+02
   2.2708130e+02
   4.8338318e+02
   5.0000000e+02
   5.0000000e+02
   1.1917419e+02
   5.2769470e+01
   5.0000000e+01
   5.0000000e+01
   5.0000000e+01
   5.0000000e+01
   5.0000000e+01
   5.0000000e+01
   6.1901855e+01
   1.1889153e+02
   2.7547150e+02
   5.0000000e+02
   5.0000000e+02
   5.0000000e+02
   5.0000000e+02
   5.0000000e+01
   5.0000000e+01
   1.9569092e+02
   3.1824493e+02
   3.3386841e+02
   2.5236206e+02
   1.1243896e+02
   5.0000000e+01
   5.0000000e+01
   5.0000000e+01
   5.0000000e+01
   5.0000000e+01
   5.0000000e+01
   5.0000000e+01
   7.3303223e+01
   2.5289917e+02
   5.0000000e+02
   5.0000000e+02
   3.5939331e+02
   1.0424500e+02
   5.0000000e+01
   5.0000000e+01
   5.0000000e+01
   5.0000000e+01
   5.0000000e+01
   5.0000000e+01
   5.0000000e+01
   5.1705170e+01
   9.6279907e+01
   2.4012756e+02
   3.5366821e+02
   5.0000000e+02
   5.0000000e+02
   5.0000000e+01
   5.0000000e+01
   3.7346802e+02
   4.8493958e+02
   5.0000000e+02
   4.4477844e+02
   1.8862915e+02
   5.0000000e+01
   5.0000000e+01
   5.0000000e+01
   5.0000000e+01
   5.0000000e+01
   5.0000000e+01
   5.0000000e+01
   5.2512741e+01
   9.6970558e+01
   5.0000000e+02
   5.0000000e+02
   5.0000000e+02
   1.7688694e+02
   6.3080597e+01
   5.0000000e+01
   5.0000000e+01
   5.0000000e+01
   5.0000000e+01
   5.0000000e+01
   5.0000000e+01
   5.0000000e+01
   5.0000000e+01
   6.4964294e+01
   1.4839096e+02
   2.9230690e+02
   5.0000000e+02
   5.0000000e+01
   5.0000000e+01
   2.4687500e+02
   4.5781250e+02
   5.0000000e+02
   5.0000000e+02
   3.3544922e+02
   1.3168945e+02
   5.0000000e+01
   5.0000000e+01
   5.0000000e+01
   5.0000000e+01
   5.0000000e+01
   5.0000000e+01
   5.0106812e+01
   7.4336243e+01
   4.2656250e+02
   4.9541016e+02
   5.0000000e+02
   2.1120148e+02
   7.3638916e+01
   5.0000000e+01
   5.0000000e+01
   5.0000000e+01
   5.0000000e+01
   5.0000000e+01
   5.0000000e+01
   5.0000000e+01
   5.0000000e+01
   5.0000000e+01
   5.5950928e+01
   1.2275696e+02
   5.0000000e+02
   5.0000000e+01
   5.0000000e+01
   5.0000000e+01
   2.5566406e+02
   4.5078125e+02
   5.0000000e+02
   4.7308350e+02
   2.4091492e+02
   6.1450195e+01
   5.0000000e+01
   5.0000000e+01
   5.0000000e+01
   5.0000000e+01
   5.0000000e+01
   5.0000000e+01
   6.1569977e+01
   2.3511963e+02
   4.8344498e+02
   5.0000000e+02
   3.3825378e+02
   1.1273193e+02
   5.0000000e+01
   5.0000000e+01
   5.0000000e+01
   5.0000000e+01
   5.0000000e+01
   5.0000000e+01
   5.0000000e+01
   5.0000000e+01
   5.0000000e+01
   7.7355957e+01
   2.8329468e+02
   5.0000000e+02
   5.0000000e+01
   5.0000000e+01
   5.0000000e+01
   5.0000000e+01
   3.8706055e+02
   4.9981689e+02
   5.0000000e+02
   3.6019897e+02
   1.5073242e+02
   5.0000000e+01
   5.0000000e+01
   5.0000000e+01
   5.0000000e+01
   5.0000000e+01
   5.0000000e+01
   5.1304626e+01
   7.0874023e+01
   4.7317963e+02
   5.0000000e+02
   5.0000000e+02
   1.6250000e+02
   5.0000000e+01
   5.0000000e+01
   5.0000000e+01
   5.0000000e+01
   5.0000000e+01
   5.0000000e+01
   5.0000000e+01
   5.0000000e+01
   8.1640625e+01
   2.5390625e+02
   5.0000000e+02
   5.0000000e+02
   5.0000000e+01
   5.0000000e+01
   5.0000000e+01
   5.0000000e+01
   2.8122559e+02
   4.5571899e+02
   5.0000000e+02
   5.0000000e+02
   2.8064575e+02
   5.6351471e+01
   5.0000000e+01
   5.0000000e+01
   5.0000000e+01
   5.0000000e+01
   5.0000000e+01
   5.0000000e+01
   5.0000000e+01
   4.7187500e+02
   5.0000000e+02
   5.0000000e+02
   1.6250000e+02
   5.0000000e+01
   5.0000000e+01
   5.0000000e+01
   5.0000000e+01
   5.0000000e+01
   5.0000000e+01
   5.0119209e+01
   8.5442352e+01
   2.4863281e+02
   5.0000000e+02
   4.9125671e+02
   3.6010742e+02
   5.0000000e+01
   5.0000000e+01
   5.0000000e+01
   5.0000000e+01
   5.0000000e+01
   2.8203125e+02
   4.5781250e+02
   5.0000000e+02
   3.4479980e+02
   1.2852478e+02
   5.0000000e+01
   5.0000000e+01
   5.0000000e+01
   5.0000000e+01
   5.0000000e+01
   5.7031250e+01
   1.6250000e+02
   4.7890625e+02
   5.0000000e+02
   4.2811279e+02
   1.4038086e+02
   5.0000000e+01
   5.0000000e+01
   5.0000000e+01
   5.0000000e+01
   5.0000000e+01
   5.0000000e+01
   8.5442352e+01
   2.4756165e+02
   5.0000000e+02
   4.9873047e+02
   4.6246338e+02
   5.1757813e+01
   5.0000000e+01
   5.0000000e+01
   5.0000000e+01
   5.0000000e+01
   5.0000000e+01
   5.0000000e+01
   3.3023720e+02
   4.9929104e+02
   5.0000000e+02
   3.0365372e+02
   5.0755310e+01
   5.0000000e+01
   5.0000000e+01
   5.0000000e+01
   5.1224518e+01
   8.7308884e+01
   5.0000000e+02
   5.0000000e+02
   5.0000000e+02
   2.1245117e+02
   7.4023437e+01
   5.0000000e+01
   5.0000000e+01
   5.0000000e+01
   5.0000000e+01
   5.0000000e+01
   5.0000000e+01
   1.9062500e+02
   5.0000000e+02
   5.0000000e+02
   4.8532715e+02
   3.6182861e+02
   5.0000000e+01
   5.0000000e+01
   5.0000000e+01
   5.0000000e+01
   5.0000000e+01
   5.0000000e+01
   5.0000000e+01
   2.9136734e+02
   4.7046165e+02
   4.9855957e+02
   3.3020172e+02
   8.9216614e+01
   5.0981903e+01
   5.0000000e+01
   5.3561401e+01
   7.9365540e+01
   1.7371750e+02
   5.0000000e+02
   5.0000000e+02
   5.0000000e+02
   2.0269165e+02
   7.1020508e+01
   5.0000000e+01
   5.0000000e+01
   5.0000000e+01
   5.0000000e+01
   5.0000000e+01
   5.7452393e+01
   2.0428772e+02
   5.0000000e+02
   5.0000000e+02
   4.4375000e+02
   5.0000000e+01
   5.0000000e+01
   5.0000000e+01
   5.0000000e+01
   5.0000000e+01
   5.0000000e+01
   5.0000000e+01
   5.0000000e+01
   5.0000000e+01
   2.7515106e+02
   4.7513428e+02
   5.0000000e+02
   3.4581375e+02
   8.5489273e+01
   7.1093750e+01
   8.1983948e+01
   2.5550842e+02
   5.0000000e+02
   5.0000000e+02
   5.0000000e+02
   4.7539063e+02
   1.2910156e+02
   5.0000000e+01
   5.0000000e+01
   5.0000000e+01
   5.0000000e+01
   5.0000000e+01
   5.0000000e+01
   1.1643982e+02
   3.1243134e+02
   5.0000000e+02
   5.0000000e+02
   4.4375000e+02
   5.0000000e+01
   5.0000000e+01
   5.0000000e+01
   5.0000000e+01
   5.0000000e+01
   5.0000000e+01
   5.0000000e+01
   5.0000000e+01
   5.0000000e+01
   5.0000000e+01
   2.7500000e+02
   5.0000000e+02
   5.0000000e+02
   5.0000000e+02
   3.8750000e+02
   1.3437500e+02
   5.0000000e+02
   5.0000000e+02
   5.0000000e+02
   5.0000000e+02
   1.0625000e+02
   5.0000000e+01
   5.0000000e+01
   5.0000000e+01
   5.0000000e+01
   5.0000000e+01
   5.0000000e+01
   5.0000000e+01
   2.1875000e+02
   5.0000000e+02
   5.0000000e+02
   5.0000000e+02
   4.4375000e+02
   5.0000000e+01
   5.0000000e+01
