140.1838
150.5171
154.9303
160.6799
171.4565
153.3525
115.5906
82.8019
72.2211
82.6266
111.8658
137.4154
190.4467
183.9690
195.9235
207.1281
138.2263
82.0011
95.4859
278.8356
354.3001
357.4502
333.5352
324.2532
359.1051
331.1410
329.4733
307.3927
172.9305
313.2366
290.3922
115.4039
254.5031
318.6520
281.8529
298.6263
283.5114
238.0285
229.8912
288.5805
137.3614
149.9129
154.1276
158.5815
170.1646
152.9410
119.8891
83.7051
73.7574
76.2925
101.1673
124.3750
169.3149
172.3236
199.4787
177.0337
131.7618
77.6845
93.2054
262.3411
357.9907
358.4883
354.8637
321.4830
361.2260
344.6152
343.6414
326.6447
175.1501
337.2239
340.1179
126.9760
285.8935
332.2960
325.6568
322.5687
309.0414
241.6467
238.1728
318.9802
141.5950
150.8192
155.3316
161.7292
172.1025
153.5583
113.4413
82.3503
71.4529
85.7936
117.2150
143.9356
201.0126
189.7917
194.1459
222.1754
141.4586
84.1594
96.6261
287.0829
352.4547
356.9312
322.8710
325.6383
358.0447
324.4039
322.3892
297.7667
171.8206
301.2429
265.5293
109.6179
238.8080
311.8300
259.9509
286.6550
270.7464
236.2195
225.7504
273.3807
145.8286
151.7255
156.5356
164.8769
174.0404
154.1756
106.9935
80.9954
69.1485
95.2947
133.2628
163.4963
232.7102
207.2598
188.8130
267.3171
151.1553
90.6343
100.0469
311.8246
346.9188
355.3740
290.8783
329.7935
354.8634
304.1925
301.1371
268.8888
168.4911
265.2620
190.9406
92.2599
191.7225
291.3639
194.2450
250.7414
232.4513
230.7922
213.3279
227.7813
147.3171
151.7849
160.4045
163.9533
172.9857
153.3522
104.7769
77.5629
69.7839
111.6008
145.3847
187.2705
249.4319
217.0900
187.8135
293.0436
182.0895
88.9045
95.4178
284.2405
342.4696
356.2592
292.0412
338.7307
354.0029
296.2075
296.6260
275.2205
199.6302
228.0004
148.5382
106.3262
185.9709
276.3974
195.7113
240.0070
232.6522
230.1449
211.2473
209.7466
146.0605
150.9974
166.9382
158.9584
168.9386
151.0880
106.7914
72.0529
73.3590
134.7117
153.5809
215.2583
251.1776
219.2824
191.1474
299.3550
234.2611
78.9698
82.7389
204.3306
339.1072
359.5869
326.3597
352.4499
355.4632
300.4488
308.8561
316.7620
265.2378
189.4583
138.3221
151.8169
221.5532
266.9307
264.3498
254.4519
271.3490
234.2773
219.5086
219.2766
144.8038
150.2098
173.4719
153.9635
164.8915
148.8239
108.8060
66.5429
76.9342
157.8226
161.7771
243.2461
252.9233
221.4747
194.4812
305.6664
286.4327
69.0352
70.0601
124.4207
335.7449
362.9145
360.6782
366.1692
356.9236
304.6901
321.0861
358.3035
330.8455
150.9162
128.1059
197.3076
257.1354
257.4639
332.9883
268.8967
310.0457
238.4098
227.7698
228.8066
145.3938
146.4821
161.9830
149.8903
157.6512
127.8531
97.3706
65.2565
75.9324
148.2972
159.5488
232.9752
251.6887
209.8462
202.7772
258.7472
246.4064
91.0966
100.9342
135.0966
344.4023
364.7466
343.7515
358.3503
328.4384
285.8327
301.9615
357.9736
341.3468
152.8027
136.0229
206.5696
252.3826
224.3075
330.8922
262.8124
290.4731
251.6708
248.1202
233.3807
146.3531
142.1663
146.8894
146.0014
149.7723
103.1409
83.2453
64.8147
74.0153
132.2446
155.2355
215.0527
249.8581
195.4536
212.0657
201.1819
187.9406
119.5572
140.5189
163.8896
355.4637
366.2796
316.5757
346.2238
293.9642
262.3554
276.5659
349.2694
340.8268
162.7751
147.5666
208.5858
239.5628
186.4133
314.6492
252.6222
259.2465
266.7576
270.8883
236.9635
144.5186
136.9542
134.4171
141.9992
147.4809
82.8462
71.0273
65.0893
72.3885
115.5430
146.2519
199.8265
247.7250
182.8988
213.5982
151.8885
139.2241
143.0267
171.3686
197.0066
364.7736
367.7294
294.1534
335.2242
270.5133
247.0473
254.9902
337.0868
334.1644
183.2331
170.4630
220.0116
223.8636
164.4032
299.2812
251.1647
239.3733
277.1547
289.8541
239.7027
128.7147
127.2602
135.0510
137.4305
173.1265
84.6388
68.3459
68.9453
72.2131
95.5972
113.9164
198.0825
244.0796
179.5329
176.3507
143.9545
139.2547
141.5405
158.5432
251.7429
365.3259
368.7635
295.4984
329.8588
302.1792
272.5847
252.5141
307.5124
296.7905
256.1197
250.1232
278.4853
193.7676
221.8140
288.2889
293.3708
276.2671
264.1033
289.8082
238.2236
112.9108
117.5663
135.6849
132.8617
198.7721
86.4314
65.6645
72.8014
72.0377
75.6514
81.5809
196.3385
240.4342
176.1670
139.1032
136.0205
139.2854
140.0544
145.7179
306.4792
365.8782
369.7975
296.8433
324.4934
333.8452
298.1222
250.0380
277.9379
259.4167
329.0062
329.7834
336.9590
163.6717
279.2249
277.2965
335.5768
313.1609
251.0519
289.7623
236.7444
114.6111
120.8915
141.5967
127.1596
211.5364
90.8203
64.4120
73.0345
84.5155
79.4246
79.2092
184.8817
218.5744
155.9720
110.5065
131.7191
139.3104
144.7313
153.1992
336.1027
366.6011
370.6379
310.4912
309.8609
354.3532
322.4678
260.0887
265.9292
241.2967
345.4249
331.1513
330.4854
181.0575
288.2306
271.0775
340.4352
332.6379
243.7378
280.1630
218.8745
133.8156
137.2359
152.7863
120.3242
211.4194
97.8055
64.5885
69.6445
109.6465
106.9168
106.8011
163.7121
178.5004
118.9480
90.5607
131.0504
139.3300
155.5714
180.9872
340.6133
367.4945
371.2848
336.4422
285.9614
363.7034
345.6217
282.6662
271.4861
242.4308
305.3756
254.2271
259.0644
245.9250
248.8311
269.6318
307.9459
334.6984
242.1611
261.0104
184.6137
153.0202
153.5803
163.9760
113.4888
211.3024
104.7907
64.7650
66.2546
134.7774
134.4089
134.3930
142.5425
138.4264
81.9240
70.6148
130.3816
139.3495
166.4114
208.7751
345.1238
368.3880
371.9316
362.3932
262.0620
373.0536
368.7755
305.2437
277.0431
243.5649
265.3264
177.3028
187.6435
310.7925
209.4317
268.1861
275.4566
336.7588
240.5843
241.8577
150.3530
152.4430
160.2020
164.4884
123.2489
177.9724
100.6837
67.4318
85.7383
139.0127
139.0430
139.0529
139.0762
131.2445
73.0768
67.3933
129.5072
141.7119
179.8579
216.9710
308.0610
369.7084
372.7588
342.1676
256.8485
365.3434
368.5159
327.6406
270.9668
248.5087
247.4264
207.6138
234.3378
253.9217
174.7381
221.7259
275.9258
340.5353
269.1103
229.5348
170.0570
147.9096
164.8791
162.8654
136.3280
137.9998
94.3584
70.5966
109.7967
139.0690
139.1054
139.1264
139.1506
130.6411
69.8649
67.5166
128.5916
144.5428
193.8256
221.2485
262.6835
371.1142
373.6221
312.7067
255.3723
354.2210
363.5736
350.0015
262.5639
254.2146
233.9563
259.3719
304.6553
172.7032
140.9857
166.2629
282.9868
344.6551
303.6570
218.5778
200.5539
143.4901
168.2187
161.9961
146.7936
105.3406
91.9159
76.5273
130.5365
139.1224
139.1663
139.1982
139.2218
130.1498
69.0582
69.4949
131.7984
151.3499
207.4728
225.5945
225.2679
367.9764
373.8401
289.7622
252.5244
337.0687
357.1532
365.6466
261.5993
259.4734
221.4657
296.9975
361.7493
121.8744
124.9130
129.7183
284.2006
348.4620
333.3580
210.8069
226.2435
139.6409
164.8708
164.8954
144.1912
109.2489
108.8875
96.2874
134.6837
139.1620
139.2200
139.2615
139.2768
130.2192
80.2768
80.7482
155.6169
178.0380
219.5169
230.2827
227.6616
342.1207
370.8318
299.3996
242.8188
289.7665
343.3423
347.7132
297.8261
262.4969
213.8725
263.9607
352.7267
222.9936
197.2390
187.7654
256.1794
350.7045
338.8308
218.9668
227.8967
135.7916
161.5229
167.7946
141.5889
113.1571
125.8591
116.0475
138.8309
139.2015
139.2736
139.3247
139.3319
130.2887
91.4955
92.0014
179.4354
204.7260
231.5610
234.9708
230.0553
316.2649
367.8235
309.0370
233.1131
242.4643
329.5314
329.7798
334.0530
265.5205
206.2794
230.9238
343.7040
324.1127
269.5650
245.8125
228.1581
352.9470
344.3037
227.1266
229.5498
133.8763
156.7281
159.4247
132.9882
118.7014
126.2442
124.2607
140.5683
139.2248
139.3063
139.3655
139.3697
133.1167
112.5165
119.6357
198.1611
220.5228
239.9562
242.5253
229.1597
288.8762
354.1080
325.9157
256.6059
219.6980
322.2819
324.1326
340.2612
265.8660
200.1164
217.0903
339.6772
369.8847
299.1218
282.1186
223.0745
334.6192
336.6040
235.8741
228.4348
133.8950
150.4864
139.7855
118.3890
125.8819
110.0430
120.9271
139.8961
139.2319
139.3180
139.3837
139.3904
138.7033
143.3399
163.6511
211.7939
225.4284
244.7023
252.9461
224.9747
259.9546
329.6850
350.0358
313.2973
221.4677
321.5937
330.7717
316.4507
263.5336
195.3838
222.4601
340.6461
360.3095
285.9094
296.6837
240.9285
295.7212
315.7319
245.2091
224.5515
133.9137
144.2446
120.1464
103.7899
133.0624
93.8417
117.5935
139.2239
139.2389
139.3297
139.4019
139.4110
144.2898
174.1632
207.6665
225.4267
230.3339
249.4485
263.3669
220.7898
231.0330
305.2621
374.1558
369.9887
223.2374
320.9055
337.4108
292.6402
261.2011
190.6511
227.8299
341.6150
350.7343
272.6969
311.2487
258.7825
256.8231
294.8599
254.5441
220.6682
145.6961
131.8107
123.1277
115.3528
117.8605
100.0011
126.4421
140.7847
139.2421
139.3201
139.3855
168.2775
149.7505
161.6958
181.9726
215.7723
214.4718
227.9130
257.3562
220.1720
222.1486
266.0638
338.6595
371.6422
258.5235
258.0556
272.6808
258.5032
235.6921
184.4472
211.9414
332.9496
348.3327
269.9816
300.2389
284.7786
275.2257
289.3880
287.2843
214.6282
159.8312
118.1384
130.6331
132.1482
98.1822
110.6327
137.7272
142.7921
139.2444
139.3062
139.3620
202.9131
155.1859
140.5702
142.3368
201.4604
194.4562
201.1213
248.0592
220.2676
217.2716
223.9104
291.2399
362.2882
300.5129
182.7734
193.6769
222.3009
205.5478
177.9490
191.8011
322.3574
347.3658
269.3657
284.1141
312.4032
305.0883
286.9962
324.7055
208.1569
171.5022
105.8143
134.3316
147.1756
85.2711
117.9447
145.2824
149.1346
140.1374
140.3322
145.3516
234.7820
163.9601
126.4641
111.4880
187.7576
175.6976
178.6828
240.1044
222.1562
211.8072
187.9777
247.4587
343.3777
325.5483
119.8520
127.2674
193.3055
183.5707
174.8540
177.4593
309.3280
346.0368
271.1702
273.2254
336.9556
330.0878
281.5553
352.1559
203.2939
170.8521
100.2318
118.9958
153.3638
106.1960
108.6591
134.1886
177.1527
145.4834
146.5578
181.4060
252.8174
189.4280
147.4556
124.5743
177.0996
163.2238
178.0105
238.8602
233.0090
203.4053
183.1490
221.8697
276.6851
265.8137
118.7346
123.8296
200.3447
202.4292
188.7748
192.1103
284.1127
342.8972
285.0767
288.5177
346.1478
330.7710
260.8690
329.7521
206.4723
170.2021
94.6492
103.6599
159.5519
127.1210
99.3736
123.0948
205.1708
150.8293
152.7834
217.4603
270.8528
214.8960
168.4471
137.6605
166.4417
150.7501
177.3382
237.6160
243.8619
195.0034
178.3203
196.2806
209.9926
206.0790
117.6172
120.3918
207.3840
221.2878
202.6955
206.7612
258.8975
339.7576
298.9831
303.8100
355.3399
331.4542
240.1827
307.3483
209.6507
159.3607
92.7696
95.5470
154.4945
134.0012
105.2568
119.0253
220.6812
170.8069
172.2277
227.5693
274.9528
203.7333
180.8243
142.4850
158.0369
138.2593
178.0064
230.2820
243.2531
189.9650
176.2734
183.0613
178.5623
182.6124
127.5312
122.2081
207.1249
229.8530
208.3108
220.5361
246.3654
341.5451
313.4654
318.0171
344.8357
329.3520
235.9852
277.1065
229.6149
138.3280
94.5929
94.6571
138.1917
126.8368
126.3089
121.9799
223.6841
205.4161
204.8907
211.7327
265.1172
155.9400
184.5872
139.0477
151.8854
125.7516
180.0151
216.8581
231.1827
188.2901
177.0085
182.2116
182.3943
195.4139
148.4766
129.2786
199.5677
228.1249
205.6205
233.4350
246.5165
348.2599
328.5237
331.1390
314.6351
324.4643
248.2766
239.0268
266.3649
117.2952
96.4161
93.7671
121.8888
119.6723
147.3609
124.9346
226.6869
240.0253
237.5536
195.8961
255.2816
108.1467
188.3501
135.6104
145.7339
113.2438
182.0239
203.4342
219.1122
186.6151
177.7435
181.3619
186.2263
208.2153
169.4220
136.3491
192.0104
226.3968
202.9302
246.3338
246.6675
354.9746
343.5819
344.2609
284.4345
319.5766
260.5680
200.9470
303.1149
114.7076
108.6192
105.7855
129.0955
113.0222
138.8333
117.7501
188.0399
256.7750
235.5620
187.1396
228.0707
98.1248
172.9990
139.4269
144.0870
128.7842
209.6479
200.2680
222.3196
186.6610
176.2042
171.9735
182.8684
208.5259
182.5687
155.8882
193.8858
225.7957
211.8011
275.2447
280.7769
357.8525
351.3904
348.1528
300.7259
283.1577
249.7937
227.7077
314.1929
115.8090
122.8981
120.3855
141.0041
106.4750
124.3898
108.5378
141.0629
269.9529
226.6395
179.7991
197.3847
95.6572
153.8251
144.6941
143.3411
149.9342
242.3949
199.1533
228.5825
187.0511
174.2100
160.8775
178.0725
206.3383
194.1555
177.9211
197.6477
225.4199
222.9842
307.3579
321.6779
359.9630
357.7490
350.1987
326.3157
240.4325
234.4063
267.4365
320.1365
119.0290
135.9700
133.4903
150.7593
108.7960
118.7497
109.4233
111.9933
281.5752
222.1432
179.0259
176.3527
101.8912
139.7152
146.0627
140.6396
164.2261
260.7214
194.0790
232.4392
186.2471
169.6247
149.2908
176.2086
203.0489
202.1305
195.9793
201.6218
225.7113
233.4670
334.7277
356.4635
361.2057
357.7032
352.0320
347.9243
206.9049
220.3870
298.3758
318.0762
132.8416
143.0062
139.1185
149.7476
155.4582
157.1262
160.7980
172.4606
285.4191
239.7778
211.0891
203.5912
151.6329
150.9250
127.9384
128.1603
144.2277
206.9453
169.2071
224.2654
179.4724
152.0836
135.2509
189.0045
194.2508
192.0458
194.1639
206.6571
229.3387
240.4479
338.3802
360.6720
358.1096
325.6351
352.8028
349.6269
219.3647
213.2078
285.3678
275.9962
146.6542
150.0424
144.7468
148.7359
202.1204
195.5027
212.1726
232.9279
289.2630
257.4125
243.1522
230.8297
201.3746
162.1348
109.8141
115.6810
124.2293
153.1692
144.3351
216.0915
172.6978
134.5426
121.2110
201.8004
185.4528
181.9611
192.3485
211.6924
232.9661
247.4288
342.0328
364.8805
355.0134
293.5670
353.5736
351.3296
231.8245
206.0286
272.3598
233.9162
153.5605
153.5605
148.0824
146.6920
210.4970
223.0880
238.6713
260.1356
288.3714
269.9678
261.1058
245.5139
227.1091
172.4411
106.1574
110.1781
120.9753
141.9432
130.8936
214.8331
184.5821
153.5941
118.4020
198.1024
184.2296
183.1591
196.0087
223.0772
231.9329
250.3834
341.7852
367.5843
356.0099
270.1371
344.6454
352.4526
261.4513
214.7901
271.1183
240.4263
153.5605
153.5605
149.1253
143.6158
180.5879
239.8822
240.2939
254.0838
282.7445
277.4439
264.9498
247.6438
228.8364
181.8440
116.9683
111.6517
134.4657
173.2673
128.8826
220.4899
215.1253
209.2382
126.8238
177.9102
190.5812
195.6398
205.1445
240.8116
226.2392
249.3115
337.6375
368.7832
361.0991
255.3455
326.0183
352.9960
308.2450
239.4925
281.6432
295.5265
153.5605
153.5605
150.1682
140.5396
150.6789
256.6763
241.9166
248.0321
277.1175
284.9200
268.7938
249.7736
230.5637
191.2468
127.7792
113.1253
147.9560
204.5914
126.8716
226.1468
245.6685
264.8823
135.2457
157.7181
196.9328
208.1205
214.2804
258.5459
220.5454
248.2396
333.4898
369.9822
366.1882
240.5538
307.3912
353.5394
355.0388
264.1948
292.1681
350.6267
153.5605
153.5605
149.4729
142.5904
170.6183
245.4802
240.8348
252.0666
280.8688
279.9359
266.2311
248.3537
229.4122
184.9783
120.5720
112.1429
138.9624
183.7087
128.2123
222.3756
225.3064
227.7862
129.6311
171.1795
192.6984
199.8000
208.1898
246.7230
224.3412
248.9542
336.2549
369.1829
362.7955
250.4149
319.8093
353.1771
323.8429
247.7266
285.1515
313.8933
153.2035
146.4528
145.0055
155.0923
201.8199
168.8893
182.4093
186.1427
126.6839
117.0285
136.6816
131.3012
129.5860
152.5218
114.0472
109.3432
104.8716
127.3685
229.8343
341.5657
354.6185
332.3321
297.7290
264.5146
348.5599
318.8589
317.5566
162.9657
139.9706
239.7810
277.1254
219.0895
312.2602
290.6436
257.2157
213.6790
230.9187
206.4398
203.2371
253.4280
154.8886
146.8504
148.3063
155.0214
206.4918
166.6052
182.5755
189.8519
129.0208
120.1389
143.5584
129.9001
128.4977
148.0255
109.9335
109.3616
104.9968
129.7726
236.0602
342.0849
355.4442
333.4790
313.9130
255.4730
345.8130
326.1967
329.6187
154.2600
120.2111
226.8245
314.3820
258.9582
337.7327
302.3138
274.8758
220.5594
239.3955
206.1047
206.6210
275.3525
152.3610
146.2539
143.3551
155.1277
199.4839
170.0313
182.3262
184.2881
125.5155
115.4734
133.2432
132.0018
130.1302
154.7699
116.1040
109.3340
104.8090
126.1665
226.7214
341.3061
354.2057
331.7587
289.6370
269.0353
349.9333
315.1900
311.5255
167.3185
149.8504
246.2592
258.4971
199.1552
299.5239
284.8085
248.3857
210.2389
226.6802
206.6074
201.5452
242.4658
149.8334
145.6574
138.4038
155.2341
192.4760
173.4575
182.0770
178.7242
122.0102
110.8079
122.9280
134.1034
131.7627
161.5143
122.2744
109.3063
104.6211
122.5603
217.3826
340.5274
352.9671
330.0384
265.3610
282.5977
354.0535
304.1833
293.4322
180.3769
179.4896
265.6940
202.6122
139.3522
261.3151
267.3032
221.8956
199.9183
213.9649
207.1102
196.4695
209.5791
145.6714
141.5703
141.3131
165.0527
188.7165
176.9170
181.6256
164.1648
128.2716
108.5330
118.3116
146.9182
132.8408
157.4508
122.4112
116.4333
115.0341
125.9561
212.6445
340.2540
353.9610
335.0453
273.8718
303.8922
357.0455
300.9112
294.6258
220.0356
207.7355
259.1369
156.6820
126.4429
239.6798
247.8543
210.2304
193.7980
206.3680
209.9867
195.0549
201.7889
139.8748
133.9927
152.0830
184.5836
188.2054
180.4098
180.9721
140.6097
144.2996
108.6488
119.3941
170.4461
133.3646
142.5793
116.5144
130.7149
136.0480
136.3539
212.5072
340.4859
357.1873
346.7794
315.1695
332.9188
358.9092
305.3736
315.1062
286.2945
234.5880
226.5880
120.7065
160.4272
234.6181
226.4620
213.3901
191.8780
203.8894
215.2368
197.3014
219.0952
134.0782
126.4151
162.8529
204.1145
187.6943
183.9026
180.3186
117.0547
160.3277
108.7646
120.4766
193.9739
133.8883
127.7078
110.6175
144.9965
157.0619
146.7516
212.3699
340.7179
360.4135
358.5135
356.4671
361.9455
360.7729
309.8360
335.5867
352.5534
261.4405
194.0391
84.7309
194.4116
229.5563
205.0696
216.5498
189.9579
201.4108
220.4870
199.5479
236.4015
129.3189
121.1466
159.2182
201.0321
179.6077
183.5755
158.0649
110.0149
151.9478
119.3782
141.8140
180.3940
133.1934
120.3673
109.7394
135.8898
144.9304
152.3629
224.6106
342.5087
361.8266
362.2414
355.9179
348.1147
361.3068
308.4105
318.3989
347.4699
277.0630
200.3974
137.9947
221.5978
235.0087
214.3277
230.8922
210.0043
218.7356
219.9828
211.1164
238.1557
124.7670
116.3400
152.7026
193.4269
170.0060
182.4844
131.4911
106.2783
138.6864
132.0913
167.2025
159.3925
132.2548
114.5329
109.8650
122.1055
126.1698
157.0169
239.3268
344.6114
362.8770
364.3680
346.9994
325.7124
361.5748
305.8074
293.6775
328.1179
290.4394
214.5372
209.1064
247.4245
242.5640
229.7158
247.4712
234.4440
240.0210
218.3278
224.5493
236.7995
119.0839
111.9825
147.6001
184.6149
164.6505
174.1523
108.2508
108.8478
129.9867
144.0917
186.3426
140.2497
130.6102
113.3649
112.8267
108.5958
107.8621
155.0779
240.1022
342.1547
363.8329
366.3048
339.5460
306.8662
362.0492
306.6158
273.2186
307.1812
301.5725
229.7446
271.4087
273.9829
250.5405
245.0961
261.4569
255.8030
255.5528
216.9773
236.3048
237.2745
107.7452
109.8702
149.5631
169.7686
180.5260
129.6149
101.6779
142.9486
144.0961
152.5286
174.2406
130.4004
125.4356
135.5285
129.9684
96.4592
91.8191
120.1740
171.1739
316.9014
364.3160
367.2924
339.4185
305.8001
363.5555
324.4817
274.0725
278.3206
301.4886
250.2901
289.6643
304.2004
260.6233
260.4368
262.4762
261.7587
242.3166
217.1496
239.6734
246.9054
96.4065
107.7580
151.5261
154.9222
196.4015
85.0776
95.1049
177.0494
158.2055
160.9654
162.1385
120.5511
120.2611
157.6920
147.1102
84.3226
75.7761
85.2702
102.2456
291.6480
364.7991
368.2801
339.2910
304.7341
365.0619
342.3476
274.9264
249.4600
301.4048
270.8355
307.9199
334.4180
270.7061
275.7776
263.4955
267.7144
229.0804
217.3220
243.0421
256.5363
88.1363
103.7705
140.3626
141.1864
199.2580
77.0555
95.0386
170.9677
159.2245
159.4743
150.1238
114.5568
122.9916
160.6377
147.1579
77.2514
77.1457
72.2416
83.1413
283.0256
365.4185
369.0517
344.2052
305.4669
367.0383
353.4943
284.2454
258.9759
284.1712
271.6343
302.3198
330.7590
285.7152
269.1202
240.9846
256.3465
224.0872
219.6688
246.5439
262.6143
82.9348
97.9076
116.0726
128.5610
189.0955
105.5488
101.4790
124.7038
147.1529
148.0554
138.1964
112.4174
133.6273
144.3656
130.1115
75.2455
95.9280
81.0882
113.8608
291.0341
366.1741
369.6074
354.1612
307.9985
369.4849
357.9217
302.0295
306.8681
249.7879
252.6865
272.8640
293.2236
305.6505
240.4647
194.9436
227.6549
227.3371
224.1902
250.1790
265.1394
77.7332
92.0448
91.7826
115.9356
178.9329
134.0421
107.9194
78.4398
135.0814
136.6365
126.2690
110.2781
144.2630
128.0934
113.0650
73.2397
114.7103
89.9349
144.5804
299.0426
366.9297
370.1630
364.1171
310.5302
371.9314
362.3491
319.8136
354.7603
215.4046
233.7387
243.4082
255.6882
325.5859
211.8091
148.9025
198.9633
230.5871
228.7117
253.8141
267.6645
86.1109
106.5114
87.1398
113.7896
159.9754
161.3725
110.1054
69.2567
112.3648
113.5234
106.3926
108.4146
132.7624
112.0966
110.2746
72.9061
102.3136
89.3913
173.4236
248.6829
367.1084
368.7654
358.5858
313.1473
354.9845
361.8936
326.1589
321.4408
205.7806
231.3281
241.9674
276.2160
318.4785
190.3230
143.7744
198.5301
234.5309
235.5391
242.1018
255.6995
97.2045
125.0439
86.4264
113.7396
139.2588
188.4703
111.4404
67.4898
87.5192
88.0714
84.9264
106.6061
116.8345
96.1549
110.3354
72.9070
83.6810
86.9697
201.8915
186.6496
367.1717
366.9770
349.9572
315.7813
334.1588
360.4615
330.2164
271.8790
201.1085
232.2249
246.1297
308.3564
305.9626
170.2708
146.8290
203.7486
238.6136
242.8277
227.3200
240.8364
106.5341
140.2524
88.6002
119.8081
125.9091
210.7395
113.8698
66.3971
69.5476
69.6063
72.4385
105.9965
101.6112
83.8784
109.8874
74.7699
71.0627
89.9373
221.0249
133.5870
364.5461
363.7343
344.1685
320.5950
312.4005
358.8786
334.8716
238.2592
201.0200
232.2821
247.6507
331.0351
298.1045
153.5605
149.6360
200.3211
244.0916
252.5930
214.5473
229.3396
107.0437
138.8414
105.2097
156.4693
149.3943
208.8655
121.7703
68.6754
85.9457
86.0758
104.8421
111.3807
89.9110
89.9284
106.8960
85.9428
88.5154
119.8511
193.4860
125.3777
348.4759
353.2195
352.5799
336.3064
285.9794
356.5412
342.5161
284.3496
223.8500
228.1415
235.9652
306.4050
313.5360
153.5605
151.2058
153.6643
256.5462
274.7417
211.8202
234.6735
107.5533
137.4304
121.8191
193.1306
172.8795
206.9914
129.6709
70.9536
102.3438
102.5453
137.2457
116.7649
78.2108
95.9784
103.9045
97.1157
105.9682
149.7649
165.9471
117.1684
332.4058
342.7048
360.9913
352.0177
259.5583
354.2038
350.1606
330.4400
246.6799
224.0009
224.2797
281.7749
328.9675
153.5605
152.7756
107.0074
269.0008
296.8904
209.0931
240.0074
99.8298
132.4377
127.1371
195.7292
192.4090
208.1411
130.6433
82.8440
103.4562
110.7977
145.5062
117.8942
91.6180
116.5702
106.6378
116.5103
121.3894
167.1825
180.1993
122.7625
293.0776
329.3085
365.0704
362.9045
258.3372
336.9563
348.3546
351.4759
265.7187
218.2942
221.9474
279.5859
336.9966
185.4297
170.2322
110.8876
257.7493
305.4139
201.1833
242.3358
83.8733
123.8632
121.1635
164.2652
207.9828
212.3145
124.6875
104.3465
89.2828
110.8329
129.6236
114.7687
130.1325
151.7038
115.0958
144.1266
134.7792
172.1037
236.2424
142.1599
230.4912
313.0307
364.8170
368.9666
282.3161
304.7988
337.0982
347.4572
280.9664
211.0213
228.9684
299.8380
337.6232
249.1680
203.5755
165.3049
222.7917
300.3120
188.0910
241.6587
67.9167
115.2887
115.1900
132.8012
223.5565
216.4880
118.7317
125.8490
75.1094
110.8681
113.7409
111.6432
168.6470
186.8375
123.5537
171.7428
148.1689
177.0249
292.2855
161.5573
167.9049
296.7529
364.5637
375.0287
306.2950
272.6412
325.8419
343.4386
296.2141
203.7485
235.9893
320.0901
338.2498
312.9064
236.9189
219.7223
187.8341
295.2101
174.9986
240.9817
63.6922
106.3421
125.6124
150.9484
206.5688
214.0667
126.4660
142.4672
81.5875
113.2405
121.8792
142.7809
184.9190
190.9771
136.9718
172.6250
166.2032
172.0230
258.3141
157.6257
141.8214
251.6823
314.2313
364.6925
328.5306
277.3790
293.0866
289.1081
266.0908
196.0378
231.3700
287.6779
297.3256
306.7577
247.2126
249.1759
203.8863
281.3961
218.5240
249.2082
61.8141
97.3211
139.3139
179.0179
183.0686
210.3266
136.9382
158.1086
92.1960
116.0802
134.8217
180.7711
196.7425
188.9180
151.3819
168.1604
185.1665
165.0365
206.3399
149.0283
123.0385
200.8532
253.8831
351.0767
350.4176
289.4959
256.0315
224.7152
226.8932
188.2395
224.4226
244.7329
248.0912
286.6318
252.8964
273.6368
230.1406
265.8397
273.3731
259.2155
60.5303
90.5047
149.1694
200.8340
165.8521
205.9826
144.1296
167.5305
104.4357
121.2606
149.7951
213.7188
208.1243
189.8502
165.2467
163.1535
198.3152
159.3479
168.5029
140.0783
108.8140
159.2820
201.5680
330.0370
357.8077
294.7478
224.5041
173.5418
199.7453
182.3107
218.3812
208.6927
211.0904
270.3579
258.3897
297.3225
255.0894
251.4979
315.2795
261.2011
62.2180
94.7112
139.7946
191.3833
180.0533
198.6198
134.9172
145.8552
124.8314
138.1439
174.9231
221.4538
217.2975
205.7391
176.3849
155.4346
182.3910
160.1490
201.3520
129.3655
117.3820
164.0000
189.4183
271.8786
292.7133
265.6748
220.6149
188.4654
232.8461
185.7299
216.8697
207.1773
235.2580
273.3448
262.9307
317.1326
273.5112
243.2291
292.4728
223.0781
63.9057
98.9178
130.4198
181.9326
194.2545
191.2570
125.7048
124.1799
145.2272
155.0272
200.0511
229.1887
226.4706
221.6279
187.5231
147.7157
166.4669
160.9501
234.2012
118.6528
125.9499
168.7181
177.2686
213.7201
227.6188
236.6018
216.7258
203.3890
265.9468
189.1491
215.3582
205.6618
259.4256
276.3317
267.4718
336.9427
291.9330
234.9603
269.6661
184.9551
65.4776
104.7500
126.7794
176.9028
196.8160
191.9029
122.5323
123.6862
161.9446
168.6033
212.3916
226.9346
228.5855
234.8472
192.1552
142.2144
158.8855
161.7853
229.8679
116.2623
134.0978
168.3312
171.1022
181.1991
185.4992
215.5469
218.6744
220.1888
279.6510
199.5567
218.7256
213.3344
275.1958
272.3528
268.0987
330.9534
289.3028
224.6283
246.5458
191.0981
66.9337
112.2078
128.8735
176.2938
187.7378
200.5576
125.3996
144.3740
174.9837
178.8721
211.9447
214.6913
223.6419
245.3970
190.2813
138.9309
159.6469
162.6545
188.3522
122.1940
141.8258
162.8395
170.9190
174.3155
166.3542
202.5103
226.4608
238.8648
273.9586
216.9529
226.9718
230.1950
282.5689
261.4080
264.8114
299.1646
265.6207
212.2332
223.1117
241.5070
68.3898
119.6657
130.9676
175.6848
178.6596
209.2123
128.2670
165.0618
188.0228
189.1409
211.4977
202.4481
218.6984
255.9469
188.4074
135.6473
160.4082
163.5237
146.8365
128.1258
149.5538
157.3478
170.7359
167.4319
147.2092
189.4736
234.2472
257.5408
268.2662
234.3491
235.2180
247.0556
289.9419
250.4632
261.5242
267.3758
241.9385
199.8381
199.6777
291.9160
82.6186
134.7370
136.7342
170.6764
188.3371
207.3512
139.2545
169.2727
202.0655
200.8613
199.1950
207.8213
217.6160
239.8128
204.1972
150.7620
165.7934
187.3585
143.8129
133.3816
153.8093
155.9232
170.4756
170.5515
175.5151
191.2830
237.6336
265.6395
268.9312
260.7479
257.7944
251.4990
300.2266
280.7010
283.2041
275.9385
261.4474
216.9577
226.7215
284.0784
99.4018
151.3311
143.2353
164.7881
201.7658
203.3869
151.8661
170.1881
216.3089
212.8721
184.5213
216.7179
217.3059
218.3420
223.5199
169.5564
172.1034
215.7863
148.4878
138.5022
157.3704
155.3120
170.2000
175.6717
213.3111
196.0616
240.1400
271.6228
270.8677
288.9473
283.2369
253.4588
311.0936
319.1753
309.8776
292.5716
289.5946
239.9802
263.8609
264.5914
115.8987
164.4345
149.9349
165.9109
214.0186
200.5417
164.7514
175.6861
230.5502
222.2376
172.8945
224.1192
218.0283
196.8400
232.7171
181.0092
172.0669
239.5101
155.9619
145.0378
159.0847
152.1735
167.8494
180.0237
242.1060
200.0969
244.5446
277.2956
272.4221
313.5159
306.1120
254.6206
317.4138
350.0259
333.1130
308.7338
307.8328
253.0525
291.0186
248.2384
130.9634
160.0849
157.6273
202.0892
220.3924
203.2916
179.0056
204.0969
244.7807
218.3767
176.5030
224.0441
223.9138
175.1820
191.2876
155.7543
140.2981
239.7137
177.4317
158.6486
151.5657
136.3989
155.1245
180.5342
225.8953
200.4157
258.4405
281.4165
272.0654
319.9306
316.1501
251.7919
300.9998
342.7577
339.1585
322.5415
276.5267
216.3741
268.2676
247.5546
146.0282
155.7353
165.3196
238.2674
226.7663
206.0415
193.2598
232.5077
259.0112
214.5157
180.1115
223.9690
229.7993
153.5239
149.8581
130.4994
108.5293
239.9174
198.9016
172.2595
144.0466
120.6242
142.3995
181.0447
209.6846
200.7345
272.3363
285.5373
271.7088
326.3454
326.1883
248.9632
284.5858
335.4896
345.2039
336.3493
245.2207
179.6958
245.5166
246.8709
153.5605
153.5605
169.6752
245.7032
222.2103
213.4168
206.0642
246.3421
266.4664
213.4901
188.8498
228.4842
235.1640
151.7390
130.9468
123.4584
111.9450
236.6819
204.7016
194.6512
166.4304
142.1814
151.0771
174.1641
198.2843
195.8396
260.3987
282.0371
265.2946
325.2205
340.3059
271.6467
272.7432
314.1737
342.8363
340.0309
242.8367
169.9483
227.7850
253.9453
153.5605
153.5605
170.6938
224.3964
206.7244
225.4175
217.4188
245.6001
267.1461
215.2999
202.7179
237.5896
240.0079
169.8272
134.5536
134.6313
150.5452
230.0071
194.8318
225.8237
218.7170
201.0706
181.1574
159.8922
191.6942
185.7310
222.6276
270.9157
252.8231
316.5561
358.5029
319.8423
265.4722
278.8102
332.0555
333.5864
269.3747
187.1316
215.0729
268.7778
153.5605
153.5605
171.7125
203.0897
191.2386
237.4183
228.7734
244.8581
267.8258
217.1096
216.5860
246.6950
244.8517
187.9154
138.1604
145.8041
189.1454
223.3324
184.9619
256.9962
271.0037
259.9597
211.2376
145.6204
185.1041
175.6224
184.8566
259.7943
240.3515
307.8917
376.7000
368.0380
258.2011
243.4468
321.2747
327.1418
295.9128
204.3150
202.3608
283.6103
153.5605
153.5605
171.0334
217.2942
201.5625
229.4178
221.2037
245.3528
267.3726
215.9031
207.3406
240.6247
241.6225
175.8566
135.7559
138.3556
163.4119
227.7822
191.5418
236.2145
236.1459
220.7003
191.1841
155.1350
189.4975
182.3614
210.0373
267.2086
248.6659
313.6680
364.5686
335.9075
263.0485
267.0224
328.4619
331.4382
278.2208
192.8594
210.8355
273.7220
131.4623
149.7261
153.8371
174.4362
189.1858
200.3700
220.9883
243.2929
259.2364
250.3465
260.4937
256.7053
242.8730
142.6450
141.7863
108.2716
111.0940
187.4073
178.2627
137.3732
172.2089
151.2130
193.7670
197.0520
203.2215
190.3995
206.2180
109.4110
117.4363
187.9048
209.0249
188.8358
271.9021
309.9976
275.7408
234.4767
208.0798
214.1772
219.6474
296.0439
131.9906
153.8447
148.8243
169.8862
182.8997
204.3580
225.0141
239.2677
260.5929
257.2643
263.6041
256.5050
244.7547
161.4141
151.2057
92.4866
96.0229
206.8993
201.3446
132.2640
181.1638
137.1299
171.0298
200.2445
232.2585
193.9292
204.5353
91.8878
124.6370
185.5832
235.9197
232.2751
279.2291
308.7499
287.6063
241.8806
203.9592
215.5774
216.4085
318.7017
131.1981
147.6668
156.3435
176.7112
192.3289
198.3760
218.9754
245.3056
258.5582
246.8876
258.9384
256.8054
241.9322
133.2605
137.0766
116.1641
118.6296
177.6614
166.7218
139.9278
167.7314
158.2545
205.1357
195.4558
188.7030
188.6347
207.0593
118.1725
113.8359
189.0657
195.5775
167.1161
268.2386
310.6215
269.8080
230.7748
210.1401
213.4770
221.2668
284.7150
130.4055
141.4889
163.8628
183.5362
201.7581
192.3939
212.9367
251.3434
256.5235
236.5108
254.2728
257.1058
239.1098
105.1070
122.9475
139.8417
141.2363
148.4234
132.0989
147.5916
154.2990
179.3791
239.2415
190.6670
145.1474
183.3403
209.5834
144.4572
103.0347
192.5482
155.2354
101.9571
257.2481
312.4930
252.0097
219.6690
216.3210
211.3767
226.1250
250.7282
119.7472
139.8834
170.9196
186.1612
203.1294
187.8555
209.6859
250.0013
258.7001
233.8566
253.1986
260.9529
240.4994
103.9124
109.0311
138.2334
142.3562
132.1740
121.1225
157.7917
181.8393
177.1695
251.0420
199.7719
126.5637
196.6900
224.8210
179.7588
117.7306
191.9433
138.5643
110.9377
262.6947
306.1707
243.9131
210.9157
223.1419
214.7206
226.7234
234.6627
99.2233
142.8503
177.5142
184.5862
196.4428
184.7607
209.2230
241.2792
265.0880
238.9249
255.7159
268.3468
246.1012
129.6768
95.3275
111.3393
121.9894
128.9129
133.7925
170.5280
250.3522
151.6256
240.5370
222.7704
132.9517
228.6839
252.7724
224.0772
157.9236
187.2511
145.5644
194.0578
284.5784
291.6545
245.5182
204.5147
230.6029
223.5090
223.0618
236.5183
78.6993
145.8173
184.1087
183.0112
189.7562
181.6659
208.7601
232.5571
271.4758
243.9932
258.2331
275.7407
251.7030
155.4412
81.6240
84.4452
101.6226
125.6519
146.4625
183.2644
318.8651
126.0816
230.0321
245.7690
139.3397
260.6778
280.7238
268.3956
198.1166
182.5589
152.5644
277.1778
306.4622
277.1383
247.1233
198.1138
238.0638
232.2974
219.4002
238.3739
77.0049
146.1323
187.3318
194.5546
188.3245
189.3197
213.8819
228.6378
266.2227
246.9688
265.4817
272.2181
253.4551
167.4190
84.3335
100.0982
112.6848
115.2902
131.3936
181.9583
340.4202
177.1813
250.6803
258.4778
171.2045
236.0685
294.4317
303.0998
178.9223
192.0758
157.1687
261.4979
282.3078
263.6885
247.8450
204.1084
220.0424
253.6395
222.3607
223.4234
79.0763
145.9169
189.8807
208.7215
187.9436
199.1233
220.1207
225.6789
258.6415
249.5258
273.6765
266.5123
254.4374
176.6396
90.3256
124.2606
130.0328
103.5085
110.7768
177.8438
352.5838
243.6096
277.5592
269.1287
208.1646
200.1385
305.2909
335.8812
147.8507
204.4345
161.2939
226.0579
248.9457
250.4520
248.3899
212.5821
196.9244
277.4923
226.6456
205.1116
82.3440
142.2346
186.5200
218.4332
190.6410
205.1251
225.5364
224.4045
252.3417
250.3183
276.0990
259.1682
250.1480
180.3103
94.9802
139.6471
144.1601
94.8426
91.9301
169.4816
362.3920
299.0544
300.1042
278.6408
239.6553
182.5766
317.0456
362.5008
126.9362
211.9414
165.3166
199.7531
220.6971
243.4052
245.8443
216.1583
176.6606
290.7838
233.1525
191.8829
91.5930
121.2172
153.6115
205.8684
208.7291
192.1183
226.8363
231.5520
252.4499
242.2882
249.6602
243.6332
219.5004
156.2314
92.9469
111.1543
142.1834
101.7561
81.9335
139.8808
360.4231
299.5817
300.9794
282.4591
243.7986
256.8552
333.2783
358.3116
156.8074
195.1887
168.8267
219.1246
218.0151
267.3069
227.8456
195.2472
170.6671
251.2684
250.7694
204.0696
100.8421
100.1998
120.7030
193.3036
226.8173
179.1114
228.1362
238.6995
252.5581
234.2581
223.2214
228.0982
188.8527
132.1526
90.9137
82.6614
140.2068
108.6696
71.9369
110.2799
358.4543
300.1089
301.8547
286.2773
247.9420
331.1338
349.5111
354.1225
186.6786
178.4360
172.3369
238.4961
215.3332
291.2085
209.8469
174.3362
164.6736
211.7531
268.3863
216.2563
98.3517
91.0712
102.0469
171.2119
234.3581
178.5873
221.9320
229.8228
242.1621
225.5752
215.9914
221.8515
162.4246
115.1307
95.9971
78.1935
139.0577
110.1418
71.4755
117.5754
337.3308
305.7348
292.2451
282.5872
269.6032
347.2080
340.3463
352.6667
203.5626
170.0134
165.0181
233.3614
214.1512
288.0795
194.1052
166.6554
170.9583
194.2140
274.0504
222.8181
84.1219
93.8313
97.6433
139.5933
231.3515
190.5461
208.2237
204.9218
221.2621
216.2394
227.9702
224.8930
140.2159
105.1658
108.1971
97.7506
138.7361
106.1728
80.5496
161.7672
297.0528
316.4593
272.1505
271.3888
308.7822
305.0778
305.7842
353.9444
207.4596
169.9209
146.8703
203.7206
214.4690
257.9198
180.6206
172.2050
189.5213
198.6512
267.7616
223.7550
69.8922
96.5914
93.2397
107.9747
228.3449
202.5049
194.5154
180.0209
200.3621
206.9037
239.9490
227.9345
118.0071
95.2008
120.3971
117.3077
138.4146
102.2039
89.6236
205.9590
256.7748
327.1838
252.0560
260.1904
347.9613
262.9475
271.2220
355.2220
211.3565
169.8284
128.7226
174.0797
214.7868
227.7600
167.1359
177.7545
208.0843
203.0884
261.4729
224.6919
95.5870
121.4383
105.9632
106.0072
210.3426
207.8155
168.6406
160.5400
174.2399
184.6153
221.7693
206.0952
116.0024
105.3088
128.3700
126.6332
138.4687
108.8745
105.3082
191.8775
212.6984
277.4966
239.4280
265.4213
318.0236
256.9804
259.4508
301.6083
188.5876
174.8561
174.4807
213.4262
227.6169
201.2226
163.2312
173.5167
239.5020
218.9824
264.6464
222.6296
129.2667
150.7025
122.1121
109.9699
189.3413
211.7965
140.3326
142.1431
147.0732
159.7364
197.5577
179.2797
118.0384
119.4314
135.4976
133.9123
138.5979
117.6730
122.3150
166.1413
167.8622
215.7271
228.2933
273.9379
274.2627
258.2460
252.2378
237.0163
160.4856
180.9077
233.0200
266.5701
242.9495
175.4095
161.2424
167.3214
273.4907
237.1677
269.7123
219.9675
157.3755
173.8293
138.4399
114.2849
167.9140
212.8316
118.3855
129.2579
126.1412
140.3713
173.5608
160.8292
122.3560
134.1213
143.2982
143.3312
139.0019
127.7533
134.6130
143.0274
129.8606
168.1303
221.2095
280.6124
238.4705
260.3801
251.3946
187.3116
144.0651
187.8036
276.6895
306.5142
261.3138
156.4880
157.6628
165.3199
295.5107
249.8461
265.5727
216.4722
157.6303
166.2694
155.6620
120.3614
144.3575
199.1372
128.2435
143.9308
136.3821
148.5754
150.6368
184.2036
138.0816
151.6483
154.4648
163.4489
140.7794
144.2423
123.3670
133.0250
126.0320
191.3969
234.3798
278.0761
242.5224
266.8573
282.4007
212.0437
186.0526
198.9203
246.0094
280.4594
294.8369
172.0244
146.1295
184.2875
257.6867
234.9897
215.4050
208.8108
157.8851
158.7096
172.8841
126.4380
120.8010
185.4428
138.1016
158.6037
146.6230
156.7794
127.7128
207.5781
153.8072
169.1753
165.6314
183.5667
142.5569
160.7312
112.1211
123.0226
122.2033
214.6635
247.5501
275.5397
246.5743
273.3344
313.4068
236.7758
228.0400
210.0370
215.3294
254.4046
328.3600
187.5607
134.5961
203.2550
219.8628
220.1333
165.2374
201.1494
153.2561
154.8496
179.4394
131.5513
115.6238
185.7488
158.6324
184.9816
156.0789
157.1715
118.2245
206.9457
182.6273
184.7079
170.6978
190.6366
131.7996
153.4046
108.2143
123.7554
135.2226
225.3440
250.1571
274.2948
250.1538
263.7915
321.2447
249.6470
245.9478
205.9272
194.1412
236.5621
323.4876
204.1039
141.1080
217.0964
188.7575
199.7999
137.2782
204.2368
143.7434
154.6895
175.3279
135.7014
128.8261
200.0553
189.8360
223.0645
164.7498
149.7517
122.1718
182.3064
224.5419
198.2462
169.6638
184.6587
108.5073
122.2623
111.6467
135.2234
165.0897
223.4384
242.2007
274.3414
253.2609
238.2285
305.9144
250.6575
239.7760
186.5910
182.4449
226.9320
280.2197
221.6538
165.6654
225.8118
164.3709
173.9897
131.5275
218.0731
134.2306
154.5294
171.2164
139.8515
142.0284
214.3618
221.0396
261.1474
173.4207
142.3320
126.1191
157.6671
266.4565
211.7846
168.6299
178.6808
85.2150
91.1200
115.0791
146.6913
194.9569
221.5328
234.2444
274.3880
256.3680
212.6655
290.5841
251.6679
233.6041
167.2548
170.7486
217.3019
236.9519
239.2037
190.2227
234.5271
139.9843
148.1795
125.7769
231.9094
112.3663
146.7785
162.0997
139.1062
154.5524
201.2276
226.3327
270.9355
183.9909
154.2441
168.8170
192.3553
273.4589
205.6248
160.5943
167.2884
82.0277
81.6664
130.1928
158.9958
193.9669
212.0974
197.4519
270.2256
249.7899
206.4897
255.4464
270.0777
229.2091
174.6658
178.9026
210.4517
227.0127
227.6462
200.6210
238.5847
151.7506
146.1826
167.1071
242.3471
88.0315
137.5095
151.9819
137.3818
166.9407
182.6052
226.4436
275.0646
194.9410
170.0227
219.2649
238.9091
273.4787
195.5254
151.1584
154.8132
82.8615
76.5505
147.6428
171.4677
186.8056
201.1561
154.8922
265.2215
241.2748
204.1913
216.3472
291.9674
225.1695
187.4263
191.0266
204.1575
223.7392
210.2673
208.1876
241.7107
170.7475
148.9482
217.8535
252.1049
67.8978
130.5340
143.3866
137.0251
176.3442
167.9824
221.7489
273.2789
205.3112
183.8493
255.2429
276.7022
273.5024
192.4669
148.8529
145.2236
88.9978
74.4981
162.7798
181.6144
179.6421
189.7884
120.0789
254.9378
232.4287
202.8823
186.6424
301.0195
218.0519
195.2788
205.8662
208.1095
228.9942
197.6061
212.8164
237.3882
182.6056
148.2037
251.5317
255.0275
68.7691
135.0261
142.4031
143.5064
170.8236
173.3575
193.0264
241.9185
212.7820
187.9160
218.8707
270.6922
273.5451
224.6129
182.1992
150.0623
121.6470
87.7632
166.3519
180.1357
172.4677
176.2891
123.9980
218.2560
221.9279
206.5204
203.9097
245.8840
195.5444
178.5915
234.2836
263.2927
276.8921
208.5342
202.7564
195.8225
158.7699
129.9082
199.8687
223.7736
69.6403
139.5182
141.4196
149.9878
165.3029
178.7325
164.3039
210.5581
220.2528
191.9826
182.4984
264.6822
273.5879
256.7589
215.5456
154.9010
154.2962
101.0283
169.9240
178.6570
165.2934
162.7898
127.9170
181.5741
211.4271
210.1585
221.1769
190.7484
173.0369
161.9042
262.7011
318.4758
324.7899
219.4622
192.6964
154.2568
134.9342
111.6128
148.2057
192.5197
68.5163
128.0793
129.2373
138.9596
156.7082
170.8449
153.0596
186.7973
220.5561
190.4758
166.8588
250.9390
275.2820
275.1472
234.8986
160.5342
195.5674
119.1319
165.3674
177.9086
158.4816
157.7248
137.4935
161.5528
197.1885
207.5858
236.8585
164.3648
159.3068
151.7600
255.1963
301.1405
304.9060
209.7901
174.2956
146.2969
121.1172
102.8244
132.9160
202.6019
65.3970
100.7093
105.8562
110.4219
145.0393
149.6945
159.2933
170.6360
213.6920
183.3954
171.9517
229.4625
278.6274
279.7777
240.2581
166.9619
245.4604
142.0740
152.6821
177.8907
152.0326
161.0941
152.7276
158.1920
179.2120
198.8024
250.9546
166.7330
154.3541
148.1588
211.7693
211.2868
217.2401
179.5179
147.5542
171.9430
117.3188
103.5433
153.9995
254.0203
62.2777
73.3394
82.4752
81.8841
133.3704
128.5442
165.5271
154.4747
206.8278
176.3150
177.0446
207.9859
281.9729
284.4082
245.6176
173.3896
295.3535
165.0161
139.9969
177.8728
145.5835
164.4635
167.9616
154.8311
161.2356
190.0190
265.0507
169.1013
149.4014
144.5577
168.3422
121.4331
129.5743
149.2457
120.8128
197.5890
113.5205
104.2621
175.0830
305.4386
86.2616
86.5489
96.9021
110.6037
141.1630
135.8274
178.7210
151.3234
179.8243
154.7261
144.9761
177.3189
273.3741
286.6076
243.3193
182.2597
251.4234
184.8018
126.8502
148.6657
145.4970
177.4605
173.5675
154.5173
163.4669
176.5790
254.8450
170.9403
148.8123
145.0790
165.7911
105.3497
155.7037
147.6237
143.4097
193.5437
115.8736
128.8997
199.8572
311.6227
115.6660
107.8742
118.8905
150.7748
152.8480
148.7973
193.3069
150.7743
148.7930
130.2355
105.4753
144.8138
262.3865
288.3207
239.4895
191.6183
188.7287
203.9562
113.6113
113.6208
146.6831
192.3832
177.2476
154.8128
169.7397
162.2076
239.7789
172.6736
149.0960
146.4248
171.4152
104.0204
204.5922
151.7318
175.8743
183.5601
119.4569
158.3210
225.3694
308.7599
141.0066
127.3900
140.1822
183.5828
162.3835
157.6240
197.5263
146.6541
123.9133
115.1041
78.4463
121.9672
245.2071
286.7410
233.0366
195.9761
136.7596
216.6686
105.8034
84.0067
150.2347
201.5004
184.0676
156.5462
174.1315
150.3100
227.5867
174.0709
149.6848
150.0473
178.5947
107.7683
246.7851
168.0997
208.2628
174.8758
121.3120
178.8136
244.1262
305.0115
146.0282
137.8582
157.9900
179.5757
161.1721
145.7351
149.9136
124.6791
129.7920
146.7682
113.7761
147.4130
197.0694
268.6973
213.4677
175.3302
138.4185
197.1708
125.1500
81.5470
165.6139
181.5906
206.5868
165.4686
169.1187
150.7809
229.7641
173.7889
151.7990
165.0537
193.5515
136.9024
255.5002
245.7669
240.2712
172.6879
114.5255
154.6624
229.1058
296.8350
151.0498
148.3264
175.7978
175.5685
159.9608
133.8462
102.3009
102.7042
135.6707
178.4324
149.1060
172.8588
148.9317
250.6536
193.8988
154.6844
140.0775
177.6731
144.4967
79.0873
180.9930
161.6808
229.1060
174.3910
164.1059
151.2519
231.9415
173.5068
153.9132
180.0601
208.5083
166.0365
264.2153
323.4341
272.2796
170.5000
107.7390
130.5112
214.0855
288.6585
153.5605
153.5605
180.0078
185.9056
159.5413
127.0070
89.3079
108.4991
151.1986
200.9311
173.9824
189.1063
143.2049
225.9422
183.0209
146.7377
151.0086
183.9941
152.3011
82.1971
172.1997
151.5139
235.9233
184.3995
175.0295
149.5548
215.8353
169.3665
157.1741
212.6244
224.6071
196.8696
243.0602
345.4066
303.2996
179.2189
107.1592
130.7621
198.6449
293.5282
153.5605
153.5605
170.6201
210.5869
159.9137
125.2177
110.9345
142.0640
176.3757
214.2644
188.4054
196.1557
179.8891
194.5631
180.8340
151.4901
171.2117
216.1338
148.5632
90.8765
139.2339
151.0898
227.0387
195.4942
201.8895
145.6895
181.4456
161.3679
161.5817
262.7465
241.8480
229.4019
192.0347
311.6844
333.3313
198.8447
112.7860
155.4150
182.7839
311.4442
153.5605
153.5605
161.2324
235.2682
160.2861
123.4284
132.5610
175.6289
201.5528
227.5978
202.8285
203.2051
216.5732
163.1840
178.6470
156.2426
191.4148
248.2735
144.8254
99.5558
106.2682
150.6657
218.1542
206.5889
228.7495
141.8243
147.0559
153.3693
165.9893
312.8687
259.0889
261.9341
141.0093
277.9622
363.3630
218.4705
118.4129
180.0679
166.9230
329.3602
153.5605
153.5605
167.4909
218.8140
160.0379
124.6213
118.1433
153.2523
184.7681
218.7089
193.2131
198.5055
192.1171
184.1034
180.1050
153.0743
177.9460
226.8470
147.3173
93.7696
128.2453
150.9484
224.0772
199.1924
210.8428
144.4011
169.9823
158.7017
163.0509
279.4539
247.5950
240.2459
175.0263
300.4437
343.3419
205.3867
114.6617
163.6326
177.4970
317.4162
